{
  "stats": {
    "suites": 3,
    "tests": 15,
    "passes": 13,
    "pending": 0,
    "failures": 2,
    "start": "2025-04-15T17:12:30.862Z",
    "end": "2025-04-15T17:12:30.874Z",
    "duration": 12,
    "testsRegistered": 15,
    "passPercent": 86.66666666666667,
    "pendingPercent": 0,
    "other": 0,
    "hasOther": false,
    "skipped": 0,
    "hasSkipped": false
  },
  "results": [
    {
      "uuid": "fe9e4e15-8da8-4456-a026-22547152f2f9",
      "title": "",
      "fullFile": "",
      "file": "",
      "beforeHooks": [],
      "afterHooks": [],
      "tests": [],
      "suites": [
        {
          "uuid": "275600a8-48b7-4019-8eb3-bf757537b0ec",
          "title": "Button Class",
          "fullFile": "E:\\My space\\Git\\qa_auto_typescript_r_d\\home_works\\home_work_10\\mocha\\tests\\mocha-button.test.spec.ts",
          "file": "\\tests\\mocha-button.test.spec.ts",
          "beforeHooks": [
            {
              "title": "\"before each\" hook in \"Button Class\"",
              "fullTitle": "Button Class \"before each\" hook in \"Button Class\"",
              "timedOut": false,
              "duration": 0,
              "state": null,
              "speed": null,
              "pass": false,
              "fail": false,
              "pending": false,
              "context": null,
              "code": "button=new import_button.Button(\"Submit\")",
              "err": {},
              "uuid": "0ca22ca9-0c5b-4614-8449-741092ab2c8c",
              "parentUUID": "275600a8-48b7-4019-8eb3-bf757537b0ec",
              "isHook": true,
              "skipped": false
            }
          ],
          "afterHooks": [],
          "tests": [
            {
              "title": "Must be created with the passed name",
              "fullTitle": "Button Class Must be created with the passed name",
              "timedOut": false,
              "duration": 1,
              "state": "passed",
              "speed": "fast",
              "pass": true,
              "fail": false,
              "pending": false,
              "context": null,
              "code": "(0,import_chai.expect)(button.name).to.equal(\"Submit\")",
              "err": {},
              "uuid": "14eec290-ce04-479e-8665-addd8bec832f",
              "parentUUID": "275600a8-48b7-4019-8eb3-bf757537b0ec",
              "isHook": false,
              "skipped": false
            },
            {
              "title": "Should disable the button",
              "fullTitle": "Button Class Should disable the button",
              "timedOut": false,
              "duration": 0,
              "state": "passed",
              "speed": "fast",
              "pass": true,
              "fail": false,
              "pending": false,
              "context": null,
              "code": "button.disable();(0,import_chai.expect)(button.isDisabled).to.be.true",
              "err": {},
              "uuid": "06619d48-fa6a-4d45-a52d-b7cf1e796d98",
              "parentUUID": "275600a8-48b7-4019-8eb3-bf757537b0ec",
              "isHook": false,
              "skipped": false
            },
            {
              "title": "Should enable the button",
              "fullTitle": "Button Class Should enable the button",
              "timedOut": false,
              "duration": 0,
              "state": "passed",
              "speed": "fast",
              "pass": true,
              "fail": false,
              "pending": false,
              "context": null,
              "code": "button.disable();button.enable();(0,import_chai.expect)(button.isDisabled).to.be.false",
              "err": {},
              "uuid": "73dd4866-8acb-45ec-a0e0-91b009b22b0e",
              "parentUUID": "275600a8-48b7-4019-8eb3-bf757537b0ec",
              "isHook": false,
              "skipped": false
            },
            {
              "title": "Should trigger click event",
              "fullTitle": "Button Class Should trigger click event",
              "timedOut": false,
              "duration": 0,
              "state": "passed",
              "speed": "fast",
              "pass": true,
              "fail": false,
              "pending": false,
              "context": null,
              "code": "let clicked=false;button.click=()=>{clicked=true};button.click();(0,import_chai.expect)(clicked).to.be.true",
              "err": {},
              "uuid": "2b61b945-b04f-414f-b742-74f360f86c8b",
              "parentUUID": "275600a8-48b7-4019-8eb3-bf757537b0ec",
              "isHook": false,
              "skipped": false
            },
            {
              "title": "Should not trigger click event when disabled",
              "fullTitle": "Button Class Should not trigger click event when disabled",
              "timedOut": false,
              "duration": 0,
              "state": "failed",
              "speed": null,
              "pass": false,
              "fail": true,
              "pending": false,
              "context": null,
              "code": "let clicked=false;button.click=()=>{clicked=true};button.disable();button.click();(0,import_chai.expect)(clicked).to.be.false",
              "err": {
                "message": "AssertionError: expected true to be false",
                "estack": "AssertionError: expected true to be false\n    at Context.<anonymous> (tests\\mocha-button.test.spec.ts:42:28)\n    at process.processImmediate (node:internal/timers:491:21)",
                "diff": "- true\n+ false\n"
              },
              "uuid": "8d53bd73-1c07-492a-a2c9-c06c33f41380",
              "parentUUID": "275600a8-48b7-4019-8eb3-bf757537b0ec",
              "isHook": false,
              "skipped": false
            }
          ],
          "suites": [],
          "passes": [
            "14eec290-ce04-479e-8665-addd8bec832f",
            "06619d48-fa6a-4d45-a52d-b7cf1e796d98",
            "73dd4866-8acb-45ec-a0e0-91b009b22b0e",
            "2b61b945-b04f-414f-b742-74f360f86c8b"
          ],
          "failures": [
            "8d53bd73-1c07-492a-a2c9-c06c33f41380"
          ],
          "pending": [],
          "skipped": [],
          "duration": 1,
          "root": false,
          "rootEmpty": false,
          "_timeout": 2000
        },
        {
          "uuid": "ced18ab9-6d1c-4fed-b22e-b6d5dafa45e0",
          "title": "Checkbox Class",
          "fullFile": "E:\\My space\\Git\\qa_auto_typescript_r_d\\home_works\\home_work_10\\mocha\\tests\\mocha-checkbox.test.spec.ts",
          "file": "\\tests\\mocha-checkbox.test.spec.ts",
          "beforeHooks": [
            {
              "title": "\"before each\" hook in \"Checkbox Class\"",
              "fullTitle": "Checkbox Class \"before each\" hook in \"Checkbox Class\"",
              "timedOut": false,
              "duration": 0,
              "state": null,
              "speed": null,
              "pass": false,
              "fail": false,
              "pending": false,
              "context": null,
              "code": "checkbox=new import_checkbox.Checkbox(\"Accept Terms\")",
              "err": {},
              "uuid": "5482ed5e-6191-4a03-a45e-b276a47f5aa6",
              "parentUUID": "ced18ab9-6d1c-4fed-b22e-b6d5dafa45e0",
              "isHook": true,
              "skipped": false
            }
          ],
          "afterHooks": [],
          "tests": [
            {
              "title": "Must be created with the passed name",
              "fullTitle": "Checkbox Class Must be created with the passed name",
              "timedOut": false,
              "duration": 0,
              "state": "passed",
              "speed": "fast",
              "pass": true,
              "fail": false,
              "pending": false,
              "context": null,
              "code": "(0,import_chai.expect)(checkbox.name).to.equal(\"Accept Terms\")",
              "err": {},
              "uuid": "547c2999-d55f-498f-bc45-f9ea08332cc6",
              "parentUUID": "ced18ab9-6d1c-4fed-b22e-b6d5dafa45e0",
              "isHook": false,
              "skipped": false
            },
            {
              "title": "Should disable the checkbox",
              "fullTitle": "Checkbox Class Should disable the checkbox",
              "timedOut": false,
              "duration": 0,
              "state": "passed",
              "speed": "fast",
              "pass": true,
              "fail": false,
              "pending": false,
              "context": null,
              "code": "checkbox.disable();(0,import_chai.expect)(checkbox.isDisabled).to.be.true",
              "err": {},
              "uuid": "ec545b75-4981-4882-a978-9153a5ce96b8",
              "parentUUID": "ced18ab9-6d1c-4fed-b22e-b6d5dafa45e0",
              "isHook": false,
              "skipped": false
            },
            {
              "title": "Should enable the checkbox",
              "fullTitle": "Checkbox Class Should enable the checkbox",
              "timedOut": false,
              "duration": 0,
              "state": "passed",
              "speed": "fast",
              "pass": true,
              "fail": false,
              "pending": false,
              "context": null,
              "code": "checkbox.disable();checkbox.enable();(0,import_chai.expect)(checkbox.isDisabled).to.be.false",
              "err": {},
              "uuid": "b6cb64e3-8470-4526-8ffe-26e2b11266b6",
              "parentUUID": "ced18ab9-6d1c-4fed-b22e-b6d5dafa45e0",
              "isHook": false,
              "skipped": false
            },
            {
              "title": "Should toggle the checkbox state when clicked",
              "fullTitle": "Checkbox Class Should toggle the checkbox state when clicked",
              "timedOut": false,
              "duration": 0,
              "state": "passed",
              "speed": "fast",
              "pass": true,
              "fail": false,
              "pending": false,
              "context": null,
              "code": "checkbox.click();(0,import_chai.expect)(checkbox.isChecked).to.be.true;checkbox.click();(0,import_chai.expect)(checkbox.isChecked).to.be.false",
              "err": {},
              "uuid": "d0256b7c-eaa2-4127-889b-742eba8ad5b3",
              "parentUUID": "ced18ab9-6d1c-4fed-b22e-b6d5dafa45e0",
              "isHook": false,
              "skipped": false
            },
            {
              "title": "Should not toggle the checkbox state when disabled",
              "fullTitle": "Checkbox Class Should not toggle the checkbox state when disabled",
              "timedOut": false,
              "duration": 0,
              "state": "passed",
              "speed": "fast",
              "pass": true,
              "fail": false,
              "pending": false,
              "context": null,
              "code": "checkbox.disable();checkbox.click();(0,import_chai.expect)(checkbox.isChecked).to.be.false",
              "err": {},
              "uuid": "cc6f444d-646a-4c5a-9bba-9fad29bfc4f9",
              "parentUUID": "ced18ab9-6d1c-4fed-b22e-b6d5dafa45e0",
              "isHook": false,
              "skipped": false
            },
            {
              "title": "Should trigger click event",
              "fullTitle": "Checkbox Class Should trigger click event",
              "timedOut": false,
              "duration": 0,
              "state": "passed",
              "speed": "fast",
              "pass": true,
              "fail": false,
              "pending": false,
              "context": null,
              "code": "let clicked=false;checkbox.click=()=>{clicked=true};checkbox.click();(0,import_chai.expect)(clicked).to.be.true",
              "err": {},
              "uuid": "8e2fd80b-45bb-4e67-9b37-a6fd65d2569a",
              "parentUUID": "ced18ab9-6d1c-4fed-b22e-b6d5dafa45e0",
              "isHook": false,
              "skipped": false
            },
            {
              "title": "Should not trigger click event when disabled",
              "fullTitle": "Checkbox Class Should not trigger click event when disabled",
              "timedOut": false,
              "duration": 0,
              "state": "failed",
              "speed": null,
              "pass": false,
              "fail": true,
              "pending": false,
              "context": null,
              "code": "let clicked=false;checkbox.click=()=>{clicked=true};checkbox.disable();checkbox.click();(0,import_chai.expect)(clicked).to.be.false",
              "err": {
                "message": "AssertionError: expected true to be false",
                "estack": "AssertionError: expected true to be false\n    at Context.<anonymous> (tests\\mocha-checkbox.test.spec.ts:55:28)\n    at process.processImmediate (node:internal/timers:491:21)",
                "diff": "- true\n+ false\n"
              },
              "uuid": "142ebb29-3c58-457b-be21-7a62a8921251",
              "parentUUID": "ced18ab9-6d1c-4fed-b22e-b6d5dafa45e0",
              "isHook": false,
              "skipped": false
            }
          ],
          "suites": [],
          "passes": [
            "547c2999-d55f-498f-bc45-f9ea08332cc6",
            "ec545b75-4981-4882-a978-9153a5ce96b8",
            "b6cb64e3-8470-4526-8ffe-26e2b11266b6",
            "d0256b7c-eaa2-4127-889b-742eba8ad5b3",
            "cc6f444d-646a-4c5a-9bba-9fad29bfc4f9",
            "8e2fd80b-45bb-4e67-9b37-a6fd65d2569a"
          ],
          "failures": [
            "142ebb29-3c58-457b-be21-7a62a8921251"
          ],
          "pending": [],
          "skipped": [],
          "duration": 0,
          "root": false,
          "rootEmpty": false,
          "_timeout": 2000
        },
        {
          "uuid": "189240fd-16e6-4f0d-8881-0e0f86416298",
          "title": "TextBox Class",
          "fullFile": "E:\\My space\\Git\\qa_auto_typescript_r_d\\home_works\\home_work_10\\mocha\\tests\\mocha-text-box.test.spec.ts",
          "file": "\\tests\\mocha-text-box.test.spec.ts",
          "beforeHooks": [
            {
              "title": "\"before each\" hook in \"TextBox Class\"",
              "fullTitle": "TextBox Class \"before each\" hook in \"TextBox Class\"",
              "timedOut": false,
              "duration": 0,
              "state": null,
              "speed": null,
              "pass": false,
              "fail": false,
              "pending": false,
              "context": null,
              "code": "textBox=new import_text_box.TextBox(\"Search\")",
              "err": {},
              "uuid": "0febe8e1-e262-47b7-bb37-9ab167599944",
              "parentUUID": "189240fd-16e6-4f0d-8881-0e0f86416298",
              "isHook": true,
              "skipped": false
            }
          ],
          "afterHooks": [],
          "tests": [
            {
              "title": "Must be created with the passed name",
              "fullTitle": "TextBox Class Must be created with the passed name",
              "timedOut": false,
              "duration": 0,
              "state": "passed",
              "speed": "fast",
              "pass": true,
              "fail": false,
              "pending": false,
              "context": null,
              "code": "(0,import_chai.expect)(textBox.name).to.equal(\"Search\")",
              "err": {},
              "uuid": "83af8469-1786-4d70-875c-5229e830629a",
              "parentUUID": "189240fd-16e6-4f0d-8881-0e0f86416298",
              "isHook": false,
              "skipped": false
            },
            {
              "title": "Must set the value",
              "fullTitle": "TextBox Class Must set the value",
              "timedOut": false,
              "duration": 1,
              "state": "passed",
              "speed": "fast",
              "pass": true,
              "fail": false,
              "pending": false,
              "context": null,
              "code": "const value=\"Hello\";textBox.setValue(value);(0,import_chai.expect)(textBox.getValue()).to.equal(`The 'Search' text field currently contains: '${value}'.`)",
              "err": {},
              "uuid": "80f9338d-0fb6-42e8-b428-151600524996",
              "parentUUID": "189240fd-16e6-4f0d-8881-0e0f86416298",
              "isHook": false,
              "skipped": false
            },
            {
              "title": "Must get new value",
              "fullTitle": "TextBox Class Must get new value",
              "timedOut": false,
              "duration": 0,
              "state": "passed",
              "speed": "fast",
              "pass": true,
              "fail": false,
              "pending": false,
              "context": null,
              "code": "const value=\"World\";textBox.setValue(value);(0,import_chai.expect)(textBox.getValue()).to.equal(`The 'Search' text field currently contains: '${value}'.`)",
              "err": {},
              "uuid": "b15d19e7-b968-4b48-ac5c-d98031b10fe5",
              "parentUUID": "189240fd-16e6-4f0d-8881-0e0f86416298",
              "isHook": false,
              "skipped": false
            }
          ],
          "suites": [],
          "passes": [
            "83af8469-1786-4d70-875c-5229e830629a",
            "80f9338d-0fb6-42e8-b428-151600524996",
            "b15d19e7-b968-4b48-ac5c-d98031b10fe5"
          ],
          "failures": [],
          "pending": [],
          "skipped": [],
          "duration": 1,
          "root": false,
          "rootEmpty": false,
          "_timeout": 2000
        }
      ],
      "passes": [],
      "failures": [],
      "pending": [],
      "skipped": [],
      "duration": 0,
      "root": true,
      "rootEmpty": true,
      "_timeout": 2000
    }
  ],
  "meta": {
    "mocha": {
      "version": "11.1.0"
    },
    "mochawesome": {
      "options": {
        "quiet": false,
        "reportFilename": "mochawesome",
        "saveHtml": true,
        "saveJson": true,
        "consoleReporter": "spec",
        "useInlineDiffs": false,
        "code": true
      },
      "version": "7.1.3"
    },
    "marge": {
      "options": null,
      "version": "6.2.0"
    }
  }
}